<?xml version="1.0" encoding="UTF-8"?>
<!-- Generated by org.testng.reporters.JUnitReportReporter -->
<testsuite hostname="L-EGE-6JLGPG3" failures="0" tests="1" name="testCases.BaseClassTest" time="3.770" errors="0" timestamp="2024-04-02T11:06:36 EET" skipped="0">
  <testcase classname="testCases.BaseClassTest" name="testBaseClas" time="3.770"/>
  <system-out/>
</testsuite> <!-- testCases.BaseClassTest -->
