<?xml version="1.0" encoding="UTF-8"?>
<!-- Generated by org.testng.reporters.JUnitReportReporter -->
<testsuite hostname="L-EGE-6JLGPG3" failures="0" tests="1" name="testCases.OrderCompleteTest" time="22.181" errors="0" timestamp="2024-04-10T20:14:29 EET" skipped="0">
  <testcase classname="testCases.OrderCompleteTest" name="endToEndTest" time="22.181"/>
  <system-out/>
</testsuite> <!-- testCases.OrderCompleteTest -->
