<?xml version="1.0" encoding="UTF-8"?>
<!-- Generated by org.testng.reporters.JUnitReportReporter -->
<testsuite hostname="L-EGE-6JLGPG3" failures="0" tests="1" name="testCases.OrderCompleteTest" time="15.934" errors="0" timestamp="2024-04-02T11:06:36 EET" skipped="0">
  <testcase classname="testCases.OrderCompleteTest" name="endToEndTest" time="15.934"/>
  <system-out/>
</testsuite> <!-- testCases.OrderCompleteTest -->
